{"level":"error","message":"Cannot destructure property 'page' of 'request.body' as it is undefined.","service":"user-service"}
{"level":"error","message":"Cannot destructure property 'page' of 'request.body' as it is undefined.","service":"user-service"}
{"level":"error","message":"this.userService.getAllUsers is not a function","service":"user-service"}
{"level":"info","message":"Sucessful","service":"user-service"}
info: Sucessful {"service":"user-service"}
undefined
info: Sucessful {"service":"user-service","timestamp":"2024-01-08T02:31:36.810Z"}
info: Sucessful {"service":"user-service","timestamp":"2024-01-08T02:32:03.571Z"}
info: Sucessful {"service":"user-service","timestamp":"2024-01-08T02:32:14.913Z"}
error: BSON field 'skip' value must be >= 0, actual value '-80' {"service":"user-service","timestamp":"2024-01-08T02:32:44.514Z"}
info: Sucessful {"service":"user-service","timestamp":"2024-01-08T03:01:48.987Z"}
info: Sucessful {"service":"user-service","timestamp":"2024-01-08T03:01:49.901Z"}
info: Sucessful {"service":"user-service","timestamp":"2024-01-08T03:01:52.145Z"}
info: Sucessful {"service":"user-service","timestamp":"2024-01-08T03:01:56.910Z"}
info: Sucessful {"service":"user-service","timestamp":"2024-01-08T03:01:56.998Z"}
info: Sucessful {"service":"user-service","timestamp":"2024-01-08T03:02:14.516Z"}
info: Sucessful {"service":"user-service","timestamp":"2024-01-08T03:02:14.534Z"}
info: Sucessful {"service":"user-service","timestamp":"2024-01-08T03:02:39.421Z"}
info: Sucessful {"service":"user-service","timestamp":"2024-01-08T03:02:52.149Z"}
info: Sucessful {"service":"user-service","timestamp":"2024-01-08T03:02:52.173Z"}
info: Sucessful {"service":"user-service","timestamp":"2024-01-08T03:03:16.994Z"}
info: Sucessful {"service":"user-service","timestamp":"2024-01-08T03:03:18.271Z"}
info: Sucessful {"service":"user-service","timestamp":"2024-01-08T03:04:02.346Z"}
info: Sucessful {"service":"user-service","timestamp":"2024-01-08T03:04:02.362Z"}
info: Sucessful {"service":"user-service","timestamp":"2024-01-08T03:04:09.194Z"}
info: Sucessful {"service":"user-service","timestamp":"2024-01-08T03:04:16.963Z"}
info: Sucessful {"service":"user-service","timestamp":"2024-01-08T03:04:36.405Z"}
info: Sucessful {"service":"user-service","timestamp":"2024-01-08T03:04:36.420Z"}
info: Sucessful {"service":"user-service","timestamp":"2024-01-08T03:04:51.627Z"}
info: Sucessful {"service":"user-service","timestamp":"2024-01-08T03:04:51.643Z"}
info: Sucessful {"service":"user-service","timestamp":"2024-01-08T03:05:08.353Z"}
info: Sucessful {"service":"user-service","timestamp":"2024-01-08T03:05:08.379Z"}
info: Sucessful {"service":"user-service","timestamp":"2024-01-08T03:05:45.121Z"}
info: Sucessful {"service":"user-service","timestamp":"2024-01-08T03:05:45.152Z"}
info: Sucessful {"service":"user-service","timestamp":"2024-01-08T03:05:47.089Z"}
info: Sucessful {"service":"user-service","timestamp":"2024-01-08T03:05:47.114Z"}
info: Sucessful {"service":"user-service","timestamp":"2024-01-08T03:05:56.087Z"}
info: Sucessful {"service":"user-service","timestamp":"2024-01-08T03:05:56.103Z"}
info: Sucessful {"service":"user-service","timestamp":"2024-01-08T03:05:59.086Z"}
info: Sucessful {"service":"user-service","timestamp":"2024-01-08T03:05:59.134Z"}
info: Sucessful {"service":"user-service","timestamp":"2024-01-08T03:06:09.294Z"}
info: Sucessful {"service":"user-service","timestamp":"2024-01-08T03:06:09.335Z"}
info: Sucessful {"service":"user-service","timestamp":"2024-01-08T03:07:29.443Z"}
info: Sucessful {"service":"user-service","timestamp":"2024-01-08T03:07:29.469Z"}
info: Sucessful {"service":"user-service","timestamp":"2024-01-08T03:09:25.663Z"}
info: Sucessful {"service":"user-service","timestamp":"2024-01-08T03:09:30.501Z"}
info: Sucessful {"service":"user-service","timestamp":"2024-01-08T03:09:44.621Z"}
info: Sucessful {"service":"user-service","timestamp":"2024-01-08T03:09:50.522Z"}
info: Sucessful {"service":"user-service","timestamp":"2024-01-08T03:10:09.409Z"}
info: Sucessful {"service":"user-service","timestamp":"2024-01-08T03:10:13.490Z"}
info: Sucessful {"service":"user-service","timestamp":"2024-01-08T03:10:15.573Z"}
info: Sucessful {"service":"user-service","timestamp":"2024-01-08T03:10:20.104Z"}
info: Sucessful {"service":"user-service","timestamp":"2024-01-08T03:10:25.812Z"}
info: Sucessful {"service":"user-service","timestamp":"2024-01-08T03:11:16.044Z"}
info: Sucessful {"service":"user-service","timestamp":"2024-01-08T03:11:16.055Z"}
info: Sucessful {"service":"user-service","timestamp":"2024-01-08T03:11:17.973Z"}
info: Sucessful {"service":"user-service","timestamp":"2024-01-08T03:11:17.987Z"}
info: Sucessful {"service":"user-service","timestamp":"2024-01-08T03:11:18.008Z"}
info: Sucessful {"service":"user-service","timestamp":"2024-01-08T03:11:18.033Z"}
info: Sucessful {"service":"user-service","timestamp":"2024-01-08T03:11:20.651Z"}
info: Sucessful {"service":"user-service","timestamp":"2024-01-08T03:11:20.679Z"}
info: Sucessful {"service":"user-service","timestamp":"2024-01-08T03:11:20.705Z"}
info: Sucessful {"service":"user-service","timestamp":"2024-01-08T03:11:20.736Z"}
info: Sucessful {"service":"user-service","timestamp":"2024-01-08T03:18:42.283Z"}
info: Sucessful {"service":"user-service","timestamp":"2024-01-08T03:18:42.289Z"}
info: Sucessful {"service":"user-service","timestamp":"2024-01-08T03:18:57.146Z"}
info: Sucessful {"service":"user-service","timestamp":"2024-01-08T03:18:57.171Z"}
info: Sucessful {"service":"user-service","timestamp":"2024-01-08T03:19:05.925Z"}
info: Sucessful {"service":"user-service","timestamp":"2024-01-08T03:19:05.934Z"}
info: Sucessful {"service":"user-service","timestamp":"2024-01-08T03:19:09.749Z"}
info: Sucessful {"service":"user-service","timestamp":"2024-01-08T03:19:09.757Z"}
info: Sucessful {"service":"user-service","timestamp":"2024-01-08T03:19:14.137Z"}
info: Sucessful {"service":"user-service","timestamp":"2024-01-08T03:19:14.159Z"}
info: Sucessful {"service":"user-service","timestamp":"2024-01-08T03:19:18.907Z"}
info: Sucessful {"service":"user-service","timestamp":"2024-01-08T03:19:18.924Z"}
info: Sucessful {"service":"user-service","timestamp":"2024-01-08T03:19:29.145Z"}
info: Sucessful {"service":"user-service","timestamp":"2024-01-08T03:19:29.164Z"}
info: Sucessful {"service":"user-service","timestamp":"2024-01-08T03:19:46.811Z"}
info: Sucessful {"service":"user-service","timestamp":"2024-01-08T03:19:46.816Z"}
info: Sucessful {"service":"user-service","timestamp":"2024-01-08T03:19:51.201Z"}
info: Sucessful {"service":"user-service","timestamp":"2024-01-08T03:19:51.245Z"}
info: Sucessful {"service":"user-service","timestamp":"2024-01-08T03:20:03.818Z"}
info: Sucessful {"service":"user-service","timestamp":"2024-01-08T03:20:03.830Z"}
info: Sucessful {"service":"user-service","timestamp":"2024-01-08T03:20:05.556Z"}
info: Sucessful {"service":"user-service","timestamp":"2024-01-08T03:20:05.560Z"}
info: Sucessful {"service":"user-service","timestamp":"2024-01-08T03:20:16.750Z"}
info: Sucessful {"service":"user-service","timestamp":"2024-01-08T03:20:16.751Z"}
info: Sucessful {"service":"user-service","timestamp":"2024-01-08T03:20:33.922Z"}
info: Sucessful {"service":"user-service","timestamp":"2024-01-08T03:20:33.939Z"}
info: Sucessful {"service":"user-service","timestamp":"2024-01-08T03:22:39.509Z"}
info: Sucessful {"service":"user-service","timestamp":"2024-01-08T03:22:39.511Z"}
info: Sucessful {"service":"user-service","timestamp":"2024-01-08T03:22:48.329Z"}
info: Sucessful {"service":"user-service","timestamp":"2024-01-08T03:22:48.345Z"}
info: Sucessful {"service":"user-service","timestamp":"2024-01-08T03:22:54.521Z"}
info: Sucessful {"service":"user-service","timestamp":"2024-01-08T03:22:54.523Z"}
info: Sucessful {"service":"user-service","timestamp":"2024-01-08T03:22:57.344Z"}
info: Sucessful {"service":"user-service","timestamp":"2024-01-08T03:22:57.354Z"}
info: Sucessful {"service":"user-service","timestamp":"2024-01-08T03:23:02.628Z"}
info: Sucessful {"service":"user-service","timestamp":"2024-01-08T03:23:02.648Z"}
info: Sucessful {"service":"user-service","timestamp":"2024-01-08T03:23:37.980Z"}
info: Sucessful {"service":"user-service","timestamp":"2024-01-08T03:23:37.993Z"}
info: Sucessful {"service":"user-service","timestamp":"2024-01-08T03:23:40.857Z"}
info: Sucessful {"service":"user-service","timestamp":"2024-01-08T03:23:40.876Z"}
info: Sucessful {"service":"user-service","timestamp":"2024-01-08T03:24:32.531Z"}
info: Sucessful {"service":"user-service","timestamp":"2024-01-08T03:24:32.536Z"}
info: Sucessful {"service":"user-service","timestamp":"2024-01-08T03:24:32.569Z"}
info: Sucessful {"service":"user-service","timestamp":"2024-01-08T03:24:36.180Z"}
info: Sucessful {"service":"user-service","timestamp":"2024-01-08T03:24:36.210Z"}
info: Sucessful {"service":"user-service","timestamp":"2024-01-08T03:24:36.225Z"}
info: Sucessful {"service":"user-service","timestamp":"2024-01-08T03:24:38.695Z"}
info: Sucessful {"service":"user-service","timestamp":"2024-01-08T03:24:38.715Z"}
info: Sucessful {"service":"user-service","timestamp":"2024-01-08T03:24:38.788Z"}
info: Sucessful {"service":"user-service","timestamp":"2024-01-08T03:24:42.892Z"}
info: Sucessful {"service":"user-service","timestamp":"2024-01-08T03:24:42.905Z"}
info: Sucessful {"service":"user-service","timestamp":"2024-01-08T03:24:42.937Z"}
info: Sucessful {"service":"user-service","timestamp":"2024-01-08T03:24:45.769Z"}
info: Sucessful {"service":"user-service","timestamp":"2024-01-08T03:24:45.828Z"}
info: Sucessful {"service":"user-service","timestamp":"2024-01-08T03:24:45.908Z"}
info: Sucessful {"service":"user-service","timestamp":"2024-01-08T03:25:53.340Z"}
info: Sucessful {"service":"user-service","timestamp":"2024-01-08T03:25:53.350Z"}
info: Sucessful {"service":"user-service","timestamp":"2024-01-08T03:25:53.394Z"}
info: Sucessful {"service":"user-service","timestamp":"2024-01-08T03:26:01.613Z"}
info: Sucessful {"service":"user-service","timestamp":"2024-01-08T03:26:01.630Z"}
info: Sucessful {"service":"user-service","timestamp":"2024-01-08T03:26:01.691Z"}
info: Sucessful {"service":"user-service","timestamp":"2024-01-08T03:26:17.070Z"}
info: Sucessful {"service":"user-service","timestamp":"2024-01-08T03:26:17.077Z"}
info: Sucessful {"service":"user-service","timestamp":"2024-01-08T03:26:17.093Z"}
info: Sucessful {"service":"user-service","timestamp":"2024-01-08T03:26:17.116Z"}
info: Sucessful {"service":"user-service","timestamp":"2024-01-08T03:26:17.132Z"}
info: Sucessful {"service":"user-service","timestamp":"2024-01-08T03:26:17.173Z"}
info: Sucessful {"service":"user-service","timestamp":"2024-01-08T03:26:17.184Z"}
info: Sucessful {"service":"user-service","timestamp":"2024-01-08T03:26:17.199Z"}
info: Sucessful {"service":"user-service","timestamp":"2024-01-08T03:26:17.201Z"}
info: Sucessful {"service":"user-service","timestamp":"2024-01-08T03:26:17.211Z"}
info: Sucessful {"service":"user-service","timestamp":"2024-01-08T03:26:21.009Z"}
info: Sucessful {"service":"user-service","timestamp":"2024-01-08T03:26:21.034Z"}
info: Sucessful {"service":"user-service","timestamp":"2024-01-08T03:26:21.077Z"}
info: Sucessful {"service":"user-service","timestamp":"2024-01-08T03:26:21.093Z"}
info: Sucessful {"service":"user-service","timestamp":"2024-01-08T03:26:24.482Z"}
info: Sucessful {"service":"user-service","timestamp":"2024-01-08T03:26:24.489Z"}
info: Sucessful {"service":"user-service","timestamp":"2024-01-08T03:27:28.997Z"}
info: Sucessful {"service":"user-service","timestamp":"2024-01-08T03:27:29.011Z"}
info: Sucessful {"service":"user-service","timestamp":"2024-01-08T03:27:29.075Z"}
info: Sucessful {"service":"user-service","timestamp":"2024-01-08T03:27:29.100Z"}
info: Sucessful {"service":"user-service","timestamp":"2024-01-08T03:27:35.644Z"}
info: Sucessful {"service":"user-service","timestamp":"2024-01-08T03:27:35.659Z"}
info: Sucessful {"service":"user-service","timestamp":"2024-01-08T03:27:36.066Z"}
info: Sucessful {"service":"user-service","timestamp":"2024-01-08T03:27:36.071Z"}
info: Sucessful {"service":"user-service","timestamp":"2024-01-08T03:27:36.602Z"}
info: Sucessful {"service":"user-service","timestamp":"2024-01-08T03:27:36.612Z"}
info: Sucessful {"service":"user-service","timestamp":"2024-01-08T03:27:37.082Z"}
info: Sucessful {"service":"user-service","timestamp":"2024-01-08T03:27:37.085Z"}
info: Sucessful {"service":"user-service","timestamp":"2024-01-08T03:27:38.786Z"}
info: Sucessful {"service":"user-service","timestamp":"2024-01-08T03:27:38.790Z"}
info: Sucessful {"service":"user-service","timestamp":"2024-01-08T03:27:39.065Z"}
info: Sucessful {"service":"user-service","timestamp":"2024-01-08T03:27:39.081Z"}
info: Sucessful {"service":"user-service","timestamp":"2024-01-08T03:27:47.108Z"}
info: Sucessful {"service":"user-service","timestamp":"2024-01-08T03:27:47.115Z"}
info: Sucessful {"service":"user-service","timestamp":"2024-01-08T03:28:09.731Z"}
info: Sucessful {"service":"user-service","timestamp":"2024-01-08T03:28:09.740Z"}
info: Sucessful {"service":"user-service","timestamp":"2024-01-08T03:28:10.067Z"}
info: Sucessful {"service":"user-service","timestamp":"2024-01-08T03:28:10.089Z"}
info: Sucessful {"service":"user-service","timestamp":"2024-01-08T03:28:13.352Z"}
info: Sucessful {"service":"user-service","timestamp":"2024-01-08T03:28:13.354Z"}
info: Sucessful {"service":"user-service","timestamp":"2024-01-08T03:31:11.375Z"}
info: Sucessful {"service":"user-service","timestamp":"2024-01-08T03:31:11.383Z"}
info: Sucessful {"service":"user-service","timestamp":"2024-01-08T03:31:12.082Z"}
info: Sucessful {"service":"user-service","timestamp":"2024-01-08T03:31:12.098Z"}
info: Sucessful {"service":"user-service","timestamp":"2024-01-08T03:31:16.811Z"}
info: Sucessful {"service":"user-service","timestamp":"2024-01-08T03:31:16.853Z"}
info: Sucessful {"service":"user-service","timestamp":"2024-01-08T03:31:31.305Z"}
info: Sucessful {"service":"user-service","timestamp":"2024-01-08T03:31:31.307Z"}
info: Sucessful {"service":"user-service","timestamp":"2024-01-08T03:31:32.068Z"}
info: Sucessful {"service":"user-service","timestamp":"2024-01-08T03:31:32.069Z"}
info: Sucessful {"service":"user-service","timestamp":"2024-01-08T03:31:38.370Z"}
info: Sucessful {"service":"user-service","timestamp":"2024-01-08T03:31:38.403Z"}
info: Sucessful {"service":"user-service","timestamp":"2024-01-08T03:31:54.304Z"}
info: Sucessful {"service":"user-service","timestamp":"2024-01-08T03:31:54.308Z"}
info: Sucessful {"service":"user-service","timestamp":"2024-01-08T03:31:55.082Z"}
info: Sucessful {"service":"user-service","timestamp":"2024-01-08T03:31:55.086Z"}
info: Sucessful {"service":"user-service","timestamp":"2024-01-08T03:32:31.180Z"}
info: Sucessful {"service":"user-service","timestamp":"2024-01-08T03:32:31.190Z"}
info: Sucessful {"service":"user-service","timestamp":"2024-01-08T03:32:32.071Z"}
info: Sucessful {"service":"user-service","timestamp":"2024-01-08T03:32:32.073Z"}
info: Sucessful {"service":"user-service","timestamp":"2024-01-08T03:32:38.856Z"}
info: Sucessful {"service":"user-service","timestamp":"2024-01-08T03:32:38.885Z"}
info: Sucessful {"service":"user-service","timestamp":"2024-01-08T03:34:02.546Z"}
info: Sucessful {"service":"user-service","timestamp":"2024-01-08T03:34:02.568Z"}
info: Sucessful {"service":"user-service","timestamp":"2024-01-08T03:34:02.666Z"}
info: Sucessful {"service":"user-service","timestamp":"2024-01-08T03:34:02.668Z"}
info: Sucessful {"service":"user-service","timestamp":"2024-01-08T03:34:03.076Z"}
info: Sucessful {"service":"user-service","timestamp":"2024-01-08T03:34:03.079Z"}
info: Sucessful {"service":"user-service","timestamp":"2024-01-08T03:34:03.106Z"}
info: Sucessful {"service":"user-service","timestamp":"2024-01-08T03:34:03.108Z"}
info: Sucessful {"service":"user-service","timestamp":"2024-01-08T03:34:05.180Z"}
info: Sucessful {"service":"user-service","timestamp":"2024-01-08T03:34:05.193Z"}
info: Sucessful {"service":"user-service","timestamp":"2024-01-08T03:34:05.897Z"}
info: Sucessful {"service":"user-service","timestamp":"2024-01-08T03:34:05.907Z"}
info: Sucessful {"service":"user-service","timestamp":"2024-01-08T03:34:16.236Z"}
info: Sucessful {"service":"user-service","timestamp":"2024-01-08T03:34:16.239Z"}
info: Sucessful {"service":"user-service","timestamp":"2024-01-08T03:34:17.071Z"}
info: Sucessful {"service":"user-service","timestamp":"2024-01-08T03:34:17.072Z"}
info: Sucessful {"service":"user-service","timestamp":"2024-01-08T03:34:27.516Z"}
info: Sucessful {"service":"user-service","timestamp":"2024-01-08T03:34:27.521Z"}
info: Sucessful {"service":"user-service","timestamp":"2024-01-08T03:34:27.614Z"}
info: Sucessful {"service":"user-service","timestamp":"2024-01-08T03:34:27.626Z"}
info: Sucessful {"service":"user-service","timestamp":"2024-01-08T03:34:28.071Z"}
info: Sucessful {"service":"user-service","timestamp":"2024-01-08T03:34:28.079Z"}
info: Sucessful {"service":"user-service","timestamp":"2024-01-08T03:34:28.253Z"}
info: Sucessful {"service":"user-service","timestamp":"2024-01-08T03:34:28.254Z"}
info: Sucessful {"service":"user-service","timestamp":"2024-01-08T03:34:30.014Z"}
info: Sucessful {"service":"user-service","timestamp":"2024-01-08T03:34:30.019Z"}
info: Sucessful {"service":"user-service","timestamp":"2024-01-08T03:34:30.043Z"}
info: Sucessful {"service":"user-service","timestamp":"2024-01-08T03:34:30.052Z"}
info: Sucessful {"service":"user-service","timestamp":"2024-01-08T03:34:30.113Z"}
info: Sucessful {"service":"user-service","timestamp":"2024-01-08T03:34:30.114Z"}
info: Sucessful {"service":"user-service","timestamp":"2024-01-08T03:34:30.146Z"}
info: Sucessful {"service":"user-service","timestamp":"2024-01-08T03:34:30.148Z"}
